0 info it worked if it ends with ok
1 verbose cli [ '/usr/bin/nodejs', '/usr/bin/npm', 'i' ]
2 info using npm@3.5.2
3 info using node@v4.2.6
4 silly loadCurrentTree Starting
5 silly install loadCurrentTree
6 silly install readLocalPackageData
7 silly install normalizeTree
8 silly loadCurrentTree Finishing
9 silly loadIdealTree Starting
10 silly install loadIdealTree
11 silly cloneCurrentTree Starting
12 silly install cloneCurrentTreeToIdealTree
13 silly cloneCurrentTree Finishing
14 silly loadShrinkwrap Starting
15 silly install loadShrinkwrap
16 silly loadShrinkwrap Finishing
17 silly loadAllDepsIntoIdealTree Starting
18 silly install loadAllDepsIntoIdealTree
19 silly fetchNamedPackageData sass
20 silly mapToRegistry name sass
21 silly mapToRegistry using default registry
22 silly mapToRegistry registry https://registry.npmjs.org/
23 silly mapToRegistry uri https://registry.npmjs.org/sass
24 verbose request uri https://registry.npmjs.org/sass
25 verbose request no auth needed
26 info attempt registry request try #1 at 1:16:28 PM
27 verbose request id 5f3ced1a9341bdfd
28 verbose etag W/"59c3e685-37ab"
29 verbose lastModified Thu, 21 Sep 2017 16:19:17 GMT
30 http request GET https://registry.npmjs.org/sass
31 http 304 https://registry.npmjs.org/sass
32 verbose headers { date: 'Sun, 15 Oct 2017 10:16:33 GMT',
32 verbose headers   via: '1.1 varnish',
32 verbose headers   'cache-control': 'max-age=300',
32 verbose headers   etag: 'W/"59c3e685-37ab"',
32 verbose headers   age: '254',
32 verbose headers   connection: 'keep-alive',
32 verbose headers   'x-served-by': 'cache-hhn1544-HHN',
32 verbose headers   'x-cache': 'HIT',
32 verbose headers   'x-cache-hits': '1',
32 verbose headers   'x-timer': 'S1508062594.977385,VS0,VE1',
32 verbose headers   vary: 'Accept-Encoding, Accept' }
33 silly get cb [ 304,
33 silly get   { date: 'Sun, 15 Oct 2017 10:16:33 GMT',
33 silly get     via: '1.1 varnish',
33 silly get     'cache-control': 'max-age=300',
33 silly get     etag: 'W/"59c3e685-37ab"',
33 silly get     age: '254',
33 silly get     connection: 'keep-alive',
33 silly get     'x-served-by': 'cache-hhn1544-HHN',
33 silly get     'x-cache': 'HIT',
33 silly get     'x-cache-hits': '1',
33 silly get     'x-timer': 'S1508062594.977385,VS0,VE1',
33 silly get     vary: 'Accept-Encoding, Accept' } ]
34 verbose etag https://registry.npmjs.org/sass from cache
35 verbose get saving sass to /home/heathercoraje/.npm/registry.npmjs.org/sass/.cache.json
36 silly fetchPackageMetaData Error: No compatible version found: sass@^3.5.1
36 silly fetchPackageMetaData Valid install targets:
36 silly fetchPackageMetaData 1.0.0-beta.2, 1.0.0-beta.1, 0.5.0, 0.4.3, 0.4.2, 0.4.1, 0.4.0
36 silly fetchPackageMetaData
36 silly fetchPackageMetaData     at pickVersionFromRegistryDocument (/usr/share/npm/lib/fetch-package-metadata.js:156:16)
36 silly fetchPackageMetaData     at /usr/share/npm/node_modules/iferr/index.js:13:50
36 silly fetchPackageMetaData     at /usr/share/npm/lib/utils/pulse-till-done.js:19:8
36 silly fetchPackageMetaData     at saved (/usr/share/npm/lib/cache/caching-client.js:168:7)
36 silly fetchPackageMetaData     at /usr/share/npm/node_modules/graceful-fs/polyfills.js:210:7
36 silly fetchPackageMetaData     at FSReqWrap.oncomplete (fs.js:82:15)
36 silly fetchPackageMetaData  error for sass@^3.5.1 [Error: No compatible version found: sass@^3.5.1
36 silly fetchPackageMetaData Valid install targets:
36 silly fetchPackageMetaData 1.0.0-beta.2, 1.0.0-beta.1, 0.5.0, 0.4.3, 0.4.2, 0.4.1, 0.4.0
36 silly fetchPackageMetaData ]
37 silly rollbackFailedOptional Starting
38 silly rollbackFailedOptional Finishing
39 silly runTopLevelLifecycles Starting
40 silly runTopLevelLifecycles Finishing
41 silly install printInstalled
42 verbose stack Error: No compatible version found: sass@^3.5.1
42 verbose stack Valid install targets:
42 verbose stack 1.0.0-beta.2, 1.0.0-beta.1, 0.5.0, 0.4.3, 0.4.2, 0.4.1, 0.4.0
42 verbose stack
42 verbose stack     at pickVersionFromRegistryDocument (/usr/share/npm/lib/fetch-package-metadata.js:156:16)
42 verbose stack     at /usr/share/npm/node_modules/iferr/index.js:13:50
42 verbose stack     at /usr/share/npm/lib/utils/pulse-till-done.js:19:8
42 verbose stack     at saved (/usr/share/npm/lib/cache/caching-client.js:168:7)
42 verbose stack     at /usr/share/npm/node_modules/graceful-fs/polyfills.js:210:7
42 verbose stack     at FSReqWrap.oncomplete (fs.js:82:15)
43 verbose cwd /home/heathercoraje/Desktop/week141516/path-18
44 error Linux 4.10.0-35-generic
45 error argv "/usr/bin/nodejs" "/usr/bin/npm" "i"
46 error node v4.2.6
47 error npm  v3.5.2
48 error No compatible version found: sass@^3.5.1
48 error Valid install targets:
48 error 1.0.0-beta.2, 1.0.0-beta.1, 0.5.0, 0.4.3, 0.4.2, 0.4.1, 0.4.0
49 error If you need help, you may report this error at:
49 error     <https://github.com/npm/npm/issues>
50 verbose exit [ 1, true ]
